1515209298859	geckodriver	INFO	geckodriver 0.19.1
1515209298917	geckodriver	INFO	Listening on 127.0.0.1:52498
1515209300136	mozrunner::runner	INFO	Running command: "/Applications/Firefox.app/Contents/MacOS/firefox-bin" "-marionette" "-profile" "/var/folders/tt/5ghbr78n48zgzlqs6xg3vkmw0000gn/T/rust_mozprofile.oyb7Xj2wtq3v"
1515209300857	Marionette	INFO	Enabled via --marionette
2018-01-06 03:28:21.674 plugin-container[40892:766378] *** CFMessagePort: bootstrap_register(): failed 1100 (0x44c) 'Permission denied', port = 0xb233, name = 'com.apple.tsm.portname'
See /usr/include/servers/bootstrap_defs.h for the error codes.
1515209302087	Marionette	INFO	Listening on port 52507
1515209302108	Marionette	WARN	TLS certificate errors will be ignored for this session
1515209302150	Marionette	DEBUG	Register listener.js for window 2147483649
1515209302185	Marionette	DEBUG	Received DOM event "beforeunload" for "about:blank"
1515209302204	Marionette	DEBUG	Received DOM event "pagehide" for "about:blank"
1515209302205	Marionette	DEBUG	Received DOM event "unload" for "about:blank"
1515209302452	Marionette	DEBUG	Received DOM event "DOMContentLoaded" for "http://localhost:8081/"
1515209302454	Marionette	DEBUG	Received DOM event "pageshow" for "http://localhost:8081/"
1515209302632	addons.xpi	WARN	Exception running bootstrap method shutdown on activity-stream@mozilla.org: [Exception... "Component returned failure code: 0x80004005 (NS_ERROR_FAILURE) [nsIObserverService.removeObserver]"  nsresult: "0x80004005 (NS_ERROR_FAILURE)"  location: "JS frame :: resource://activity-stream/lib/SnippetsFeed.jsm :: uninit :: line 123"  data: no] Stack trace: uninit()@resource://activity-stream/lib/SnippetsFeed.jsm:123 < onAction()@resource://activity-stream/lib/SnippetsFeed.jsm:138 < _middleware/</<()@resource://activity-stream/lib/Store.jsm:52 < Store/this[method]()@resource://activity-stream/lib/Store.jsm:31 < uninit()@resource://activity-stream/lib/Store.jsm:151 < uninit()@resource://activity-stream/lib/ActivityStream.jsm:266 < uninit()@resource://gre/modules/addons/XPIProvider.jsm -> jar:file:///Applications/Firefox.app/Contents/Resources/browser/features/activity-stream@mozilla.org.xpi!/bootstrap.js:80 < shutdown()@resource://gre/modules/addons/XPIProvider.jsm -> jar:file:///Applications/Firefox.app/Contents/Resources/browser/features/activity-stream@mozilla.org.xpi!/bootstrap.js:196 < callBootstrapMethod()@resource://gre/modules/addons/XPIProvider.jsm:4509 < observe()@resource://gre/modules/addons/XPIProvider.jsm:2281 < GeckoDriver.prototype.quit()@driver.js:3307 < despatch()@server.js:553 < execute()@server.js:527 < onPacket/<()@server.js:502 < onPacket()@server.js:501 < _onJSONObjectReady/<()@transport.js:501
1515209302978	geckodriver	INFO	geckodriver 0.19.1
1515209303038	geckodriver	INFO	Listening on 127.0.0.1:52576
1515209304039	mozrunner::runner	INFO	Running command: "/Applications/Firefox.app/Contents/MacOS/firefox-bin" "-marionette" "-profile" "/var/folders/tt/5ghbr78n48zgzlqs6xg3vkmw0000gn/T/rust_mozprofile.ovxuQ9fBPcyz"
1515209304445	Marionette	INFO	Enabled via --marionette
2018-01-06 03:28:25.120 plugin-container[40896:766887] *** CFMessagePort: bootstrap_register(): failed 1100 (0x44c) 'Permission denied', port = 0xb233, name = 'com.apple.tsm.portname'
See /usr/include/servers/bootstrap_defs.h for the error codes.
1515209305399	Marionette	INFO	Listening on port 52585
1515209305481	Marionette	WARN	TLS certificate errors will be ignored for this session
1515209305528	Marionette	DEBUG	Register listener.js for window 2147483649
1515209305563	Marionette	DEBUG	Received DOM event "beforeunload" for "about:blank"
1515209305587	Marionette	DEBUG	Received DOM event "pagehide" for "about:blank"
1515209305587	Marionette	DEBUG	Received DOM event "unload" for "about:blank"
1515209305752	Marionette	DEBUG	Received DOM event "DOMContentLoaded" for "http://localhost:8081/"
1515209305753	Marionette	DEBUG	Received DOM event "pageshow" for "http://localhost:8081/"
1515209308931	geckodriver	INFO	geckodriver 0.19.1
1515209308995	geckodriver	INFO	Listening on 127.0.0.1:52641
1515209309998	mozrunner::runner	INFO	Running command: "/Applications/Firefox.app/Contents/MacOS/firefox-bin" "-marionette" "-profile" "/var/folders/tt/5ghbr78n48zgzlqs6xg3vkmw0000gn/T/rust_mozprofile.HeQvavgoAkR9"
1515209310444	Marionette	INFO	Enabled via --marionette
2018-01-06 03:28:31.169 plugin-container[40900:767573] *** CFMessagePort: bootstrap_register(): failed 1100 (0x44c) 'Permission denied', port = 0xb133, name = 'com.apple.tsm.portname'
See /usr/include/servers/bootstrap_defs.h for the error codes.
1515209311510	Marionette	INFO	Listening on port 52650
1515209311554	Marionette	WARN	TLS certificate errors will be ignored for this session
1515209311600	Marionette	DEBUG	Register listener.js for window 2147483649
1515209311634	Marionette	DEBUG	Received DOM event "beforeunload" for "about:blank"
1515209311648	Marionette	DEBUG	Received DOM event "pagehide" for "about:blank"
1515209311648	Marionette	DEBUG	Received DOM event "unload" for "about:blank"
1515209311834	Marionette	DEBUG	Received DOM event "DOMContentLoaded" for "http://localhost:8081/"
1515209311836	Marionette	DEBUG	Received DOM event "pageshow" for "http://localhost:8081/"
1515209315008	geckodriver	INFO	geckodriver 0.19.1
1515209315072	geckodriver	INFO	Listening on 127.0.0.1:52709
1515209316075	mozrunner::runner	INFO	Running command: "/Applications/Firefox.app/Contents/MacOS/firefox-bin" "-marionette" "-profile" "/var/folders/tt/5ghbr78n48zgzlqs6xg3vkmw0000gn/T/rust_mozprofile.ivkYj0LHmQXC"
1515209316517	Marionette	INFO	Enabled via --marionette
2018-01-06 03:28:37.242 plugin-container[40904:768136] *** CFMessagePort: bootstrap_register(): failed 1100 (0x44c) 'Permission denied', port = 0xb033, name = 'com.apple.tsm.portname'
See /usr/include/servers/bootstrap_defs.h for the error codes.
1515209317583	Marionette	INFO	Listening on port 52718
1515209317633	Marionette	WARN	TLS certificate errors will be ignored for this session
1515209317680	Marionette	DEBUG	Register listener.js for window 2147483649
1515209317715	Marionette	DEBUG	Received DOM event "beforeunload" for "about:blank"
1515209317730	Marionette	DEBUG	Received DOM event "pagehide" for "about:blank"
1515209317730	Marionette	DEBUG	Received DOM event "unload" for "about:blank"
1515209317900	Marionette	DEBUG	Received DOM event "DOMContentLoaded" for "http://localhost:8081/"
1515209317902	Marionette	DEBUG	Received DOM event "pageshow" for "http://localhost:8081/"
1515209321441	geckodriver	INFO	geckodriver 0.19.1
1515209321505	geckodriver	INFO	Listening on 127.0.0.1:52776
1515209322512	mozrunner::runner	INFO	Running command: "/Applications/Firefox.app/Contents/MacOS/firefox-bin" "-marionette" "-profile" "/var/folders/tt/5ghbr78n48zgzlqs6xg3vkmw0000gn/T/rust_mozprofile.PwlJrjAMFuQh"
1515209322957	Marionette	INFO	Enabled via --marionette
2018-01-06 03:28:43.686 plugin-container[40908:768745] *** CFMessagePort: bootstrap_register(): failed 1100 (0x44c) 'Permission denied', port = 0xb033, name = 'com.apple.tsm.portname'
See /usr/include/servers/bootstrap_defs.h for the error codes.
1515209324024	Marionette	INFO	Listening on port 52785
1515209324071	Marionette	WARN	TLS certificate errors will be ignored for this session
1515209324116	Marionette	DEBUG	Register listener.js for window 2147483649
1515209324152	Marionette	DEBUG	Received DOM event "beforeunload" for "about:blank"
1515209324172	Marionette	DEBUG	Received DOM event "pagehide" for "about:blank"
1515209324172	Marionette	DEBUG	Received DOM event "unload" for "about:blank"
1515209324350	Marionette	DEBUG	Received DOM event "DOMContentLoaded" for "http://localhost:8081/"
1515209324351	Marionette	DEBUG	Received DOM event "pageshow" for "http://localhost:8081/"
1515209325042	Marionette	DEBUG	Received DOM event "beforeunload" for "http://localhost:8081/"
1515209325059	Marionette	DEBUG	Received DOM event "pagehide" for "http://localhost:8081/"
1515209325059	Marionette	DEBUG	Received DOM event "unload" for "http://localhost:8081/"
1515209325105	Marionette	DEBUG	Received DOM event "DOMContentLoaded" for "http://localhost:8081/"
1515209325106	Marionette	DEBUG	Received DOM event "pageshow" for "http://localhost:8081/"
1515209325150	Marionette	DEBUG	Received DOM event "beforeunload" for "http://localhost:8081/"
1515209325164	Marionette	DEBUG	Received DOM event "pagehide" for "http://localhost:8081/"
1515209325164	Marionette	DEBUG	Received DOM event "unload" for "http://localhost:8081/"
1515209325206	Marionette	DEBUG	Received DOM event "DOMContentLoaded" for "http://localhost:8081/"
1515209325207	Marionette	DEBUG	Received DOM event "pageshow" for "http://localhost:8081/"
1515209325673	geckodriver	INFO	geckodriver 0.19.1
1515209325737	geckodriver	INFO	Listening on 127.0.0.1:52861
1515209326745	mozrunner::runner	INFO	Running command: "/Applications/Firefox.app/Contents/MacOS/firefox-bin" "-marionette" "-profile" "/var/folders/tt/5ghbr78n48zgzlqs6xg3vkmw0000gn/T/rust_mozprofile.Tf1jl7QS9Lw6"
1515209327195	Marionette	INFO	Enabled via --marionette
2018-01-06 03:28:47.921 plugin-container[40912:769317] *** CFMessagePort: bootstrap_register(): failed 1100 (0x44c) 'Permission denied', port = 0xb233, name = 'com.apple.tsm.portname'
See /usr/include/servers/bootstrap_defs.h for the error codes.
1515209328270	Marionette	INFO	Listening on port 52870
1515209328300	Marionette	WARN	TLS certificate errors will be ignored for this session
1515209328346	Marionette	DEBUG	Register listener.js for window 2147483649
1515209328380	Marionette	DEBUG	Received DOM event "beforeunload" for "about:blank"
1515209328397	Marionette	DEBUG	Received DOM event "pagehide" for "about:blank"
1515209328397	Marionette	DEBUG	Received DOM event "unload" for "about:blank"
1515209328567	Marionette	DEBUG	Received DOM event "DOMContentLoaded" for "http://localhost:8081/"
1515209328569	Marionette	DEBUG	Received DOM event "pageshow" for "http://localhost:8081/"
1515209328733	addons.xpi	WARN	Exception running bootstrap method shutdown on activity-stream@mozilla.org: [Exception... "Component returned failure code: 0x80004005 (NS_ERROR_FAILURE) [nsIObserverService.removeObserver]"  nsresult: "0x80004005 (NS_ERROR_FAILURE)"  location: "JS frame :: resource://activity-stream/lib/SnippetsFeed.jsm :: uninit :: line 123"  data: no] Stack trace: uninit()@resource://activity-stream/lib/SnippetsFeed.jsm:123 < onAction()@resource://activity-stream/lib/SnippetsFeed.jsm:138 < _middleware/</<()@resource://activity-stream/lib/Store.jsm:52 < Store/this[method]()@resource://activity-stream/lib/Store.jsm:31 < uninit()@resource://activity-stream/lib/Store.jsm:151 < uninit()@resource://activity-stream/lib/ActivityStream.jsm:266 < uninit()@resource://gre/modules/addons/XPIProvider.jsm -> jar:file:///Applications/Firefox.app/Contents/Resources/browser/features/activity-stream@mozilla.org.xpi!/bootstrap.js:80 < shutdown()@resource://gre/modules/addons/XPIProvider.jsm -> jar:file:///Applications/Firefox.app/Contents/Resources/browser/features/activity-stream@mozilla.org.xpi!/bootstrap.js:196 < callBootstrapMethod()@resource://gre/modules/addons/XPIProvider.jsm:4509 < observe()@resource://gre/modules/addons/XPIProvider.jsm:2281 < GeckoDriver.prototype.quit()@driver.js:3307 < despatch()@server.js:553 < execute()@server.js:527 < onPacket/<()@server.js:502 < onPacket()@server.js:501 < _onJSONObjectReady/<()@transport.js:501
1515209381957	geckodriver	INFO	geckodriver 0.19.1
1515209382017	geckodriver	INFO	Listening on 127.0.0.1:52935
1515209383025	mozrunner::runner	INFO	Running command: "/Applications/Firefox.app/Contents/MacOS/firefox-bin" "-marionette" "-profile" "/var/folders/tt/5ghbr78n48zgzlqs6xg3vkmw0000gn/T/rust_mozprofile.ijeDS615encR"
1515209383463	Marionette	INFO	Enabled via --marionette
2018-01-06 03:29:44.200 plugin-container[41002:770424] *** CFMessagePort: bootstrap_register(): failed 1100 (0x44c) 'Permission denied', port = 0xb137, name = 'com.apple.tsm.portname'
See /usr/include/servers/bootstrap_defs.h for the error codes.
1515209384570	Marionette	INFO	Listening on port 52944
1515209384676	Marionette	WARN	TLS certificate errors will be ignored for this session
1515209384723	Marionette	DEBUG	Register listener.js for window 2147483649
1515209384750	Marionette	DEBUG	Received DOM event "beforeunload" for "about:blank"
1515209384764	Marionette	DEBUG	Received DOM event "pagehide" for "about:blank"
1515209384764	Marionette	DEBUG	Received DOM event "unload" for "about:blank"
1515209384967	Marionette	DEBUG	Received DOM event "DOMContentLoaded" for "http://localhost:8081/"
1515209384968	Marionette	DEBUG	Received DOM event "pageshow" for "http://localhost:8081/"
[GFX1-]: Receive IPC close with reason=AbnormalShutdown
1515209388156	geckodriver	INFO	geckodriver 0.19.1
1515209388221	geckodriver	INFO	Listening on 127.0.0.1:53004
1515209389223	mozrunner::runner	INFO	Running command: "/Applications/Firefox.app/Contents/MacOS/firefox-bin" "-marionette" "-profile" "/var/folders/tt/5ghbr78n48zgzlqs6xg3vkmw0000gn/T/rust_mozprofile.e3skNDAEmjeD"
1515209389661	Marionette	INFO	Enabled via --marionette
2018-01-06 03:29:50.404 plugin-container[41009:771109] *** CFMessagePort: bootstrap_register(): failed 1100 (0x44c) 'Permission denied', port = 0xb033, name = 'com.apple.tsm.portname'
See /usr/include/servers/bootstrap_defs.h for the error codes.
1515209390757	Marionette	INFO	Listening on port 53013
1515209390776	Marionette	WARN	TLS certificate errors will be ignored for this session
1515209390824	Marionette	DEBUG	Register listener.js for window 2147483649
1515209390857	Marionette	DEBUG	Received DOM event "beforeunload" for "about:blank"
1515209390882	Marionette	DEBUG	Received DOM event "pagehide" for "about:blank"
1515209390882	Marionette	DEBUG	Received DOM event "unload" for "about:blank"
1515209391066	Marionette	DEBUG	Received DOM event "DOMContentLoaded" for "http://localhost:8081/"
1515209391067	Marionette	DEBUG	Received DOM event "pageshow" for "http://localhost:8081/"
